export XRT_HACK_UNSECURE_LOADING_XCLBIN=1 && \
 ./matrixMultiplicationPadded.exe -x build/final_256x256x1280_64x64x64_4c.xclbin -i build/insts_256x256x1280_64x64x64_4c.txt -k MLIR_AIE -M 256 -K 256 -N 1280 --b_col_maj 0
Final M=256
Final K=256
Final N=1344
Matrix has been padded
[    0,     0] 4992.00 =!= 12544.00
[    0,     1] 951.00 =!= 22602.00
[    0,     2] 25534.00 =!= 23312.00
[    0,     3] -1612.00 =!= 12112.00
[    0,     4] -13224.00 =!= 26732.00
[    0,     5] -14644.00 =!= -27646.00
[    0,     6] 13168.00 =!= -2612.00
[    0,     7] -28665.00 =!= -18526.00
[    0,     8] 32176.00 =!= 15624.00
[    0,     9] -22649.00 =!= -26553.00
[    0,    10] 30778.00 =!= -9818.00
[    0,    11] 30504.00 =!= 21062.00
[    0,    12] 28716.00 =!= 13932.00
[    0,    13] -6349.00 =!= -28010.00
[    0,    14] 7234.00 =!= 18680.00
[    0,    15] -7606.00 =!= 31800.00
[    0,    16] 10704.00 =!= 23968.00
[    0,    17] -858.00 =!= -23502.00
[    0,    18] 30992.00 =!= 31096.00
[    0,    19] -8711.00 =!= -22960.00
[    0,    20] -9128.00 =!= 3160.00
[    0,    21] -1603.00 =!= -1382.00
[    0,    22] 3124.00 =!= 27450.00
[    0,    23] -11055.00 =!= 1380.00
[    0,    24] -21656.00 =!= 16000.00
[    0,    25] 3510.00 =!= 19672.00
[    0,    26] 18508.00 =!= 114.00
[    0,    27] -6766.00 =!= -10504.00
[    0,    28] -19376.00 =!= -19072.00
[    0,    29] 20141.00 =!= 20618.00
[    0,    30] -8154.00 =!= 30064.00
[    0,    31] 9589.00 =!= 31721.00
...and 327639 further errors.
Maximum relative error: 200%

Reference:
   12544     22602     23312     12112     26732   ...   -31281      7288     30820    -20060     18386  
   12544      6474     10000    -18096      2156   ...   -23345     18552    -20892     26532      9682  
   12544     -9654     -3312     17232    -22420   ...   -15409     29816     -7068      7588       978  
   12544    -25782    -16624    -12976     18540   ...    -7473    -24456      6756    -11356     -7726  
   12544     23626    -29936     22352     -6036   ...      463    -13192     20580    -30300    -16430  
    ...       ...       ...       ...       ...    ...     ...       ...       ...       ...       ...   
   12544    -27830     24336     32080     18540   ...    -5425     16504     27236      9124     -3630  
   12544     21578     11024      1872     -6036   ...     2511     27768    -24476     -9820    -12334  
   12544      5450     -2288    -28336    -30612   ...    10447    -26504    -10652    -28764    -21038  
   12544    -10678    -15600      6992     10348   ...    18383    -15240      3172     17828    -29742  
   12544    -26806    -28912    -23216    -14228   ...    26319     -3976     16996     -1116     27090  

Output:
